Message[305] K:\APPS\TEMPORARY GITHUB PROJECTS\INTRODUCTION TO MICROPROCESSORS\INTRO.X\MAIN.ASM 55 : Using default destination of 1 (file).
Warning[203] K:\APPS\TEMPORARY GITHUB PROJECTS\INTRODUCTION TO MICROPROCESSORS\INTRO.X\MAIN.ASM 76 : Found opcode in column 1. (Call)
Warning[205] K:\APPS\TEMPORARY GITHUB PROJECTS\INTRODUCTION TO MICROPROCESSORS\INTRO.X\MAIN.ASM 82 : Found directive in column 1. (BANKSEL)
Warning[204] K:\APPS\TEMPORARY GITHUB PROJECTS\INTRODUCTION TO MICROPROCESSORS\INTRO.X\MAIN.ASM 83 : Found pseudo-op in column 1. (MOVFW)
Warning[205] K:\APPS\TEMPORARY GITHUB PROJECTS\INTRODUCTION TO MICROPROCESSORS\INTRO.X\MAIN.ASM 85 : Found directive in column 1. (BANKSEL)
Warning[204] K:\APPS\TEMPORARY GITHUB PROJECTS\INTRODUCTION TO MICROPROCESSORS\INTRO.X\MAIN.ASM 86 : Found pseudo-op in column 1. (MOVFW)
Warning[205] K:\APPS\TEMPORARY GITHUB PROJECTS\INTRODUCTION TO MICROPROCESSORS\INTRO.X\MAIN.ASM 92 : Found directive in column 1. (BANKSEL)
Warning[204] K:\APPS\TEMPORARY GITHUB PROJECTS\INTRODUCTION TO MICROPROCESSORS\INTRO.X\MAIN.ASM 93 : Found pseudo-op in column 1. (MOVFW)
Warning[205] K:\APPS\TEMPORARY GITHUB PROJECTS\INTRODUCTION TO MICROPROCESSORS\INTRO.X\MAIN.ASM 94 : Found directive in column 1. (BANKSEL)
Warning[203] K:\APPS\TEMPORARY GITHUB PROJECTS\INTRODUCTION TO MICROPROCESSORS\INTRO.X\MAIN.ASM 95 : Found opcode in column 1. (ADDLW)
Warning[203] K:\APPS\TEMPORARY GITHUB PROJECTS\INTRODUCTION TO MICROPROCESSORS\INTRO.X\MAIN.ASM 96 : Found opcode in column 1. (BTFSS)
Warning[203] K:\APPS\TEMPORARY GITHUB PROJECTS\INTRODUCTION TO MICROPROCESSORS\INTRO.X\MAIN.ASM 97 : Found opcode in column 1. (GOTO)
Warning[205] K:\APPS\TEMPORARY GITHUB PROJECTS\INTRODUCTION TO MICROPROCESSORS\INTRO.X\MAIN.ASM 98 : Found directive in column 1. (BANKSEL)
Warning[203] K:\APPS\TEMPORARY GITHUB PROJECTS\INTRODUCTION TO MICROPROCESSORS\INTRO.X\MAIN.ASM 99 : Found opcode in column 1. (CLRF)
Warning[205] K:\APPS\TEMPORARY GITHUB PROJECTS\INTRODUCTION TO MICROPROCESSORS\INTRO.X\MAIN.ASM 101 : Found directive in column 1. (BANKSEL)
Warning[204] K:\APPS\TEMPORARY GITHUB PROJECTS\INTRODUCTION TO MICROPROCESSORS\INTRO.X\MAIN.ASM 102 : Found pseudo-op in column 1. (MOVFW)
Warning[203] K:\APPS\TEMPORARY GITHUB PROJECTS\INTRODUCTION TO MICROPROCESSORS\INTRO.X\MAIN.ASM 103 : Found opcode in column 1. (ADDLW)
Warning[203] K:\APPS\TEMPORARY GITHUB PROJECTS\INTRODUCTION TO MICROPROCESSORS\INTRO.X\MAIN.ASM 104 : Found opcode in column 1. (MOVWF)
Warning[205] K:\APPS\TEMPORARY GITHUB PROJECTS\INTRODUCTION TO MICROPROCESSORS\INTRO.X\MAIN.ASM 108 : Found directive in column 1. (BANKSEL)
Warning[204] K:\APPS\TEMPORARY GITHUB PROJECTS\INTRODUCTION TO MICROPROCESSORS\INTRO.X\MAIN.ASM 109 : Found pseudo-op in column 1. (MOVFW)
Warning[205] K:\APPS\TEMPORARY GITHUB PROJECTS\INTRODUCTION TO MICROPROCESSORS\INTRO.X\MAIN.ASM 110 : Found directive in column 1. (BANKSEL)
Warning[203] K:\APPS\TEMPORARY GITHUB PROJECTS\INTRODUCTION TO MICROPROCESSORS\INTRO.X\MAIN.ASM 111 : Found opcode in column 1. (ADDLW)
Warning[203] K:\APPS\TEMPORARY GITHUB PROJECTS\INTRODUCTION TO MICROPROCESSORS\INTRO.X\MAIN.ASM 112 : Found opcode in column 1. (BTFSS)
Warning[203] K:\APPS\TEMPORARY GITHUB PROJECTS\INTRODUCTION TO MICROPROCESSORS\INTRO.X\MAIN.ASM 113 : Found opcode in column 1. (GOTO)
Warning[205] K:\APPS\TEMPORARY GITHUB PROJECTS\INTRODUCTION TO MICROPROCESSORS\INTRO.X\MAIN.ASM 115 : Found directive in column 1. (BANKSEL)
Warning[203] K:\APPS\TEMPORARY GITHUB PROJECTS\INTRODUCTION TO MICROPROCESSORS\INTRO.X\MAIN.ASM 116 : Found opcode in column 1. (CLRF)
Warning[205] K:\APPS\TEMPORARY GITHUB PROJECTS\INTRODUCTION TO MICROPROCESSORS\INTRO.X\MAIN.ASM 117 : Found directive in column 1. (BANKSEL)
Warning[203] K:\APPS\TEMPORARY GITHUB PROJECTS\INTRODUCTION TO MICROPROCESSORS\INTRO.X\MAIN.ASM 118 : Found opcode in column 1. (CLRF)
Warning[205] K:\APPS\TEMPORARY GITHUB PROJECTS\INTRODUCTION TO MICROPROCESSORS\INTRO.X\MAIN.ASM 120 : Found directive in column 1. (BANKSEL)
Warning[203] K:\APPS\TEMPORARY GITHUB PROJECTS\INTRODUCTION TO MICROPROCESSORS\INTRO.X\MAIN.ASM 121 : Found opcode in column 1. (CLRF)
Warning[205] K:\APPS\TEMPORARY GITHUB PROJECTS\INTRODUCTION TO MICROPROCESSORS\INTRO.X\MAIN.ASM 123 : Found directive in column 1. (BANKSEL)
Warning[203] K:\APPS\TEMPORARY GITHUB PROJECTS\INTRODUCTION TO MICROPROCESSORS\INTRO.X\MAIN.ASM 124 : Found opcode in column 1. (BCF)
Warning[205] K:\APPS\TEMPORARY GITHUB PROJECTS\INTRODUCTION TO MICROPROCESSORS\INTRO.X\MAIN.ASM 130 : Found directive in column 1. (BANKSEL)
Warning[204] K:\APPS\TEMPORARY GITHUB PROJECTS\INTRODUCTION TO MICROPROCESSORS\INTRO.X\MAIN.ASM 131 : Found pseudo-op in column 1. (MOVFW)
Warning[205] K:\APPS\TEMPORARY GITHUB PROJECTS\INTRODUCTION TO MICROPROCESSORS\INTRO.X\MAIN.ASM 132 : Found directive in column 1. (BANKSEL)
Warning[203] K:\APPS\TEMPORARY GITHUB PROJECTS\INTRODUCTION TO MICROPROCESSORS\INTRO.X\MAIN.ASM 133 : Found opcode in column 1. (ADDLW)
Warning[203] K:\APPS\TEMPORARY GITHUB PROJECTS\INTRODUCTION TO MICROPROCESSORS\INTRO.X\MAIN.ASM 134 : Found opcode in column 1. (BTFSS)
Warning[203] K:\APPS\TEMPORARY GITHUB PROJECTS\INTRODUCTION TO MICROPROCESSORS\INTRO.X\MAIN.ASM 135 : Found opcode in column 1. (GOTO)
Warning[205] K:\APPS\TEMPORARY GITHUB PROJECTS\INTRODUCTION TO MICROPROCESSORS\INTRO.X\MAIN.ASM 136 : Found directive in column 1. (BANKSEL)
Warning[203] K:\APPS\TEMPORARY GITHUB PROJECTS\INTRODUCTION TO MICROPROCESSORS\INTRO.X\MAIN.ASM 137 : Found opcode in column 1. (CLRF)
Warning[205] K:\APPS\TEMPORARY GITHUB PROJECTS\INTRODUCTION TO MICROPROCESSORS\INTRO.X\MAIN.ASM 142 : Found directive in column 1. (BANKSEL)
Warning[203] K:\APPS\TEMPORARY GITHUB PROJECTS\INTRODUCTION TO MICROPROCESSORS\INTRO.X\MAIN.ASM 143 : Found opcode in column 1. (BTFSS)
Warning[203] K:\APPS\TEMPORARY GITHUB PROJECTS\INTRODUCTION TO MICROPROCESSORS\INTRO.X\MAIN.ASM 144 : Found opcode in column 1. (CALL)
Warning[205] K:\APPS\TEMPORARY GITHUB PROJECTS\INTRODUCTION TO MICROPROCESSORS\INTRO.X\MAIN.ASM 153 : Found directive in column 1. (BANKSEL)
Warning[203] K:\APPS\TEMPORARY GITHUB PROJECTS\INTRODUCTION TO MICROPROCESSORS\INTRO.X\MAIN.ASM 154 : Found opcode in column 1. (BTFSC)
Warning[203] K:\APPS\TEMPORARY GITHUB PROJECTS\INTRODUCTION TO MICROPROCESSORS\INTRO.X\MAIN.ASM 155 : Found opcode in column 1. (GOTO)
Warning[205] K:\APPS\TEMPORARY GITHUB PROJECTS\INTRODUCTION TO MICROPROCESSORS\INTRO.X\MAIN.ASM 157 : Found directive in column 1. (BANKSEL)
Warning[203] K:\APPS\TEMPORARY GITHUB PROJECTS\INTRODUCTION TO MICROPROCESSORS\INTRO.X\MAIN.ASM 158 : Found opcode in column 1. (BTFSC)
Warning[203] K:\APPS\TEMPORARY GITHUB PROJECTS\INTRODUCTION TO MICROPROCESSORS\INTRO.X\MAIN.ASM 159 : Found opcode in column 1. (GOTO)
Warning[205] K:\APPS\TEMPORARY GITHUB PROJECTS\INTRODUCTION TO MICROPROCESSORS\INTRO.X\MAIN.ASM 161 : Found directive in column 1. (BANKSEL)
Warning[203] K:\APPS\TEMPORARY GITHUB PROJECTS\INTRODUCTION TO MICROPROCESSORS\INTRO.X\MAIN.ASM 162 : Found opcode in column 1. (CLRF)
Warning[205] K:\APPS\TEMPORARY GITHUB PROJECTS\INTRODUCTION TO MICROPROCESSORS\INTRO.X\MAIN.ASM 163 : Found directive in column 1. (BANKSEL)
Warning[203] K:\APPS\TEMPORARY GITHUB PROJECTS\INTRODUCTION TO MICROPROCESSORS\INTRO.X\MAIN.ASM 164 : Found opcode in column 1. (CLRF)
Warning[203] K:\APPS\TEMPORARY GITHUB PROJECTS\INTRODUCTION TO MICROPROCESSORS\INTRO.X\MAIN.ASM 165 : Found opcode in column 1. (BSF)
Warning[205] K:\APPS\TEMPORARY GITHUB PROJECTS\INTRODUCTION TO MICROPROCESSORS\INTRO.X\MAIN.ASM 173 : Found directive in column 1. (BANKSEL)
Warning[203] K:\APPS\TEMPORARY GITHUB PROJECTS\INTRODUCTION TO MICROPROCESSORS\INTRO.X\MAIN.ASM 174 : Found opcode in column 1. (BTFSS)
Warning[203] K:\APPS\TEMPORARY GITHUB PROJECTS\INTRODUCTION TO MICROPROCESSORS\INTRO.X\MAIN.ASM 175 : Found opcode in column 1. (GOTO)
Warning[205] K:\APPS\TEMPORARY GITHUB PROJECTS\INTRODUCTION TO MICROPROCESSORS\INTRO.X\MAIN.ASM 179 : Found directive in column 1. (BANKSEL)
Warning[203] K:\APPS\TEMPORARY GITHUB PROJECTS\INTRODUCTION TO MICROPROCESSORS\INTRO.X\MAIN.ASM 180 : Found opcode in column 1. (BTFSC)
Warning[203] K:\APPS\TEMPORARY GITHUB PROJECTS\INTRODUCTION TO MICROPROCESSORS\INTRO.X\MAIN.ASM 181 : Found opcode in column 1. (GOTO)
Warning[203] K:\APPS\TEMPORARY GITHUB PROJECTS\INTRODUCTION TO MICROPROCESSORS\INTRO.X\MAIN.ASM 184 : Found opcode in column 1. (CALL)
Warning[205] K:\APPS\TEMPORARY GITHUB PROJECTS\INTRODUCTION TO MICROPROCESSORS\INTRO.X\MAIN.ASM 185 : Found directive in column 1. (BANKSEL)
Warning[204] K:\APPS\TEMPORARY GITHUB PROJECTS\INTRODUCTION TO MICROPROCESSORS\INTRO.X\MAIN.ASM 186 : Found pseudo-op in column 1. (MOVFW)
Warning[203] K:\APPS\TEMPORARY GITHUB PROJECTS\INTRODUCTION TO MICROPROCESSORS\INTRO.X\MAIN.ASM 187 : Found opcode in column 1. (ADDLW)
Warning[203] K:\APPS\TEMPORARY GITHUB PROJECTS\INTRODUCTION TO MICROPROCESSORS\INTRO.X\MAIN.ASM 188 : Found opcode in column 1. (MOVWF)
Warning[203] K:\APPS\TEMPORARY GITHUB PROJECTS\INTRODUCTION TO MICROPROCESSORS\INTRO.X\MAIN.ASM 189 : Found opcode in column 1. (CALL)
Warning[203] K:\APPS\TEMPORARY GITHUB PROJECTS\INTRODUCTION TO MICROPROCESSORS\INTRO.X\MAIN.ASM 195 : Found opcode in column 1. (CALL)
Warning[203] K:\APPS\TEMPORARY GITHUB PROJECTS\INTRODUCTION TO MICROPROCESSORS\INTRO.X\MAIN.ASM 196 : Found opcode in column 1. (CALL)
Warning[203] K:\APPS\TEMPORARY GITHUB PROJECTS\INTRODUCTION TO MICROPROCESSORS\INTRO.X\MAIN.ASM 197 : Found opcode in column 1. (CALL)
Warning[205] K:\APPS\TEMPORARY GITHUB PROJECTS\INTRODUCTION TO MICROPROCESSORS\INTRO.X\MAIN.ASM 200 : Found directive in column 1. (BANKSEL)
Warning[203] K:\APPS\TEMPORARY GITHUB PROJECTS\INTRODUCTION TO MICROPROCESSORS\INTRO.X\MAIN.ASM 201 : Found opcode in column 1. (CLRF)
Warning[205] K:\APPS\TEMPORARY GITHUB PROJECTS\INTRODUCTION TO MICROPROCESSORS\INTRO.X\MAIN.ASM 202 : Found directive in column 1. (BANKSEL)
Warning[203] K:\APPS\TEMPORARY GITHUB PROJECTS\INTRODUCTION TO MICROPROCESSORS\INTRO.X\MAIN.ASM 203 : Found opcode in column 1. (CLRF)
Warning[205] K:\APPS\TEMPORARY GITHUB PROJECTS\INTRODUCTION TO MICROPROCESSORS\INTRO.X\MAIN.ASM 204 : Found directive in column 1. (BANKSEL)
Warning[203] K:\APPS\TEMPORARY GITHUB PROJECTS\INTRODUCTION TO MICROPROCESSORS\INTRO.X\MAIN.ASM 205 : Found opcode in column 1. (BCF)
Warning[205] K:\APPS\TEMPORARY GITHUB PROJECTS\INTRODUCTION TO MICROPROCESSORS\INTRO.X\MAIN.ASM 206 : Found directive in column 1. (BANKSEL)
Warning[203] K:\APPS\TEMPORARY GITHUB PROJECTS\INTRODUCTION TO MICROPROCESSORS\INTRO.X\MAIN.ASM 207 : Found opcode in column 1. (CLRF)
Warning[203] K:\APPS\TEMPORARY GITHUB PROJECTS\INTRODUCTION TO MICROPROCESSORS\INTRO.X\MAIN.ASM 212 : Found opcode in column 1. (BTFSC)
Warning[203] K:\APPS\TEMPORARY GITHUB PROJECTS\INTRODUCTION TO MICROPROCESSORS\INTRO.X\MAIN.ASM 213 : Found opcode in column 1. (Call)
Message[302] K:\APPS\TEMPORARY GITHUB PROJECTS\INTRODUCTION TO MICROPROCESSORS\INTRO.X\MAIN.ASM 237 : Register in operand not in bank 0.  Ensure that bank bits are correct.
Message[302] K:\APPS\TEMPORARY GITHUB PROJECTS\INTRODUCTION TO MICROPROCESSORS\INTRO.X\MAIN.ASM 241 : Register in operand not in bank 0.  Ensure that bank bits are correct.
Message[302] K:\APPS\TEMPORARY GITHUB PROJECTS\INTRODUCTION TO MICROPROCESSORS\INTRO.X\MAIN.ASM 247 : Register in operand not in bank 0.  Ensure that bank bits are correct.
Message[302] K:\APPS\TEMPORARY GITHUB PROJECTS\INTRODUCTION TO MICROPROCESSORS\INTRO.X\MAIN.ASM 254 : Register in operand not in bank 0.  Ensure that bank bits are correct.
Message[302] K:\APPS\TEMPORARY GITHUB PROJECTS\INTRODUCTION TO MICROPROCESSORS\INTRO.X\MAIN.ASM 260 : Register in operand not in bank 0.  Ensure that bank bits are correct.
Message[302] K:\APPS\TEMPORARY GITHUB PROJECTS\INTRODUCTION TO MICROPROCESSORS\INTRO.X\MAIN.ASM 266 : Register in operand not in bank 0.  Ensure that bank bits are correct.
Message[302] K:\APPS\TEMPORARY GITHUB PROJECTS\INTRODUCTION TO MICROPROCESSORS\INTRO.X\MAIN.ASM 273 : Register in operand not in bank 0.  Ensure that bank bits are correct.
Message[302] K:\APPS\TEMPORARY GITHUB PROJECTS\INTRODUCTION TO MICROPROCESSORS\INTRO.X\MAIN.ASM 274 : Register in operand not in bank 0.  Ensure that bank bits are correct.
Message[302] K:\APPS\TEMPORARY GITHUB PROJECTS\INTRODUCTION TO MICROPROCESSORS\INTRO.X\MAIN.ASM 275 : Register in operand not in bank 0.  Ensure that bank bits are correct.
Message[302] K:\APPS\TEMPORARY GITHUB PROJECTS\INTRODUCTION TO MICROPROCESSORS\INTRO.X\MAIN.ASM 279 : Register in operand not in bank 0.  Ensure that bank bits are correct.
Message[302] K:\APPS\TEMPORARY GITHUB PROJECTS\INTRODUCTION TO MICROPROCESSORS\INTRO.X\MAIN.ASM 280 : Register in operand not in bank 0.  Ensure that bank bits are correct.
Message[302] K:\APPS\TEMPORARY GITHUB PROJECTS\INTRODUCTION TO MICROPROCESSORS\INTRO.X\MAIN.ASM 282 : Register in operand not in bank 0.  Ensure that bank bits are correct.
Message[302] K:\APPS\TEMPORARY GITHUB PROJECTS\INTRODUCTION TO MICROPROCESSORS\INTRO.X\MAIN.ASM 283 : Register in operand not in bank 0.  Ensure that bank bits are correct.
Message[302] K:\APPS\TEMPORARY GITHUB PROJECTS\INTRODUCTION TO MICROPROCESSORS\INTRO.X\MAIN.ASM 284 : Register in operand not in bank 0.  Ensure that bank bits are correct.
Warning[207] K:\APPS\TEMPORARY GITHUB PROJECTS\INTRODUCTION TO MICROPROCESSORS\INTRO.X\MAIN.ASM 348 : Found label after column 1. (DELAYOUTER)
Warning[207] K:\APPS\TEMPORARY GITHUB PROJECTS\INTRODUCTION TO MICROPROCESSORS\INTRO.X\MAIN.ASM 351 : Found label after column 1. (DELAYINNER)
Message[305] K:\APPS\TEMPORARY GITHUB PROJECTS\INTRODUCTION TO MICROPROCESSORS\INTRO.X\MAIN.ASM 352 : Using default destination of 1 (file).
Message[305] K:\APPS\TEMPORARY GITHUB PROJECTS\INTRODUCTION TO MICROPROCESSORS\INTRO.X\MAIN.ASM 355 : Using default destination of 1 (file).
Message[302] K:\APPS\TEMPORARY GITHUB PROJECTS\INTRODUCTION TO MICROPROCESSORS\INTRO.X\MAIN.ASM 377 : Register in operand not in bank 0.  Ensure that bank bits are correct.
Message[302] K:\APPS\TEMPORARY GITHUB PROJECTS\INTRODUCTION TO MICROPROCESSORS\INTRO.X\MAIN.ASM 381 : Register in operand not in bank 0.  Ensure that bank bits are correct.
Message[302] K:\APPS\TEMPORARY GITHUB PROJECTS\INTRODUCTION TO MICROPROCESSORS\INTRO.X\MAIN.ASM 383 : Register in operand not in bank 0.  Ensure that bank bits are correct.
Message[302] K:\APPS\TEMPORARY GITHUB PROJECTS\INTRODUCTION TO MICROPROCESSORS\INTRO.X\MAIN.ASM 384 : Register in operand not in bank 0.  Ensure that bank bits are correct.
Message[302] K:\APPS\TEMPORARY GITHUB PROJECTS\INTRODUCTION TO MICROPROCESSORS\INTRO.X\MAIN.ASM 391 : Register in operand not in bank 0.  Ensure that bank bits are correct.
Message[302] K:\APPS\TEMPORARY GITHUB PROJECTS\INTRODUCTION TO MICROPROCESSORS\INTRO.X\MAIN.ASM 395 : Register in operand not in bank 0.  Ensure that bank bits are correct.
Message[302] K:\APPS\TEMPORARY GITHUB PROJECTS\INTRODUCTION TO MICROPROCESSORS\INTRO.X\MAIN.ASM 396 : Register in operand not in bank 0.  Ensure that bank bits are correct.
Message[302] K:\APPS\TEMPORARY GITHUB PROJECTS\INTRODUCTION TO MICROPROCESSORS\INTRO.X\MAIN.ASM 398 : Register in operand not in bank 0.  Ensure that bank bits are correct.
Warning[207] K:\APPS\TEMPORARY GITHUB PROJECTS\INTRODUCTION TO MICROPROCESSORS\INTRO.X\MAIN.ASM 424 : Found label after column 1. (EEPROMstart)
Message[305] K:\APPS\TEMPORARY GITHUB PROJECTS\INTRODUCTION TO MICROPROCESSORS\INTRO.X\MAIN.ASM 439 : Using default destination of 1 (file).
Warning[207] K:\APPS\TEMPORARY GITHUB PROJECTS\INTRODUCTION TO MICROPROCESSORS\INTRO.X\MAIN.ASM 440 : Found label after column 1. (ENDINCCHECK)
Message[305] K:\APPS\TEMPORARY GITHUB PROJECTS\INTRODUCTION TO MICROPROCESSORS\INTRO.X\MAIN.ASM 446 : Using default destination of 1 (file).
Warning[207] K:\APPS\TEMPORARY GITHUB PROJECTS\INTRODUCTION TO MICROPROCESSORS\INTRO.X\MAIN.ASM 447 : Found label after column 1. (ENDDECCHECK)
Warning[205] K:\APPS\TEMPORARY GITHUB PROJECTS\INTRODUCTION TO MICROPROCESSORS\INTRO.X\MAIN.ASM 449 : Found directive in column 1. (BANKSEL)
Warning[204] K:\APPS\TEMPORARY GITHUB PROJECTS\INTRODUCTION TO MICROPROCESSORS\INTRO.X\MAIN.ASM 450 : Found pseudo-op in column 1. (MOVFW)
Warning[205] K:\APPS\TEMPORARY GITHUB PROJECTS\INTRODUCTION TO MICROPROCESSORS\INTRO.X\MAIN.ASM 451 : Found directive in column 1. (BANKSEL)
Warning[203] K:\APPS\TEMPORARY GITHUB PROJECTS\INTRODUCTION TO MICROPROCESSORS\INTRO.X\MAIN.ASM 452 : Found opcode in column 1. (ADDLW)
Warning[203] K:\APPS\TEMPORARY GITHUB PROJECTS\INTRODUCTION TO MICROPROCESSORS\INTRO.X\MAIN.ASM 453 : Found opcode in column 1. (BTFSS)
Warning[203] K:\APPS\TEMPORARY GITHUB PROJECTS\INTRODUCTION TO MICROPROCESSORS\INTRO.X\MAIN.ASM 454 : Found opcode in column 1. (GOTO)
Warning[203] K:\APPS\TEMPORARY GITHUB PROJECTS\INTRODUCTION TO MICROPROCESSORS\INTRO.X\MAIN.ASM 456 : Found opcode in column 1. (CLRF)
Warning[205] K:\APPS\TEMPORARY GITHUB PROJECTS\INTRODUCTION TO MICROPROCESSORS\INTRO.X\MAIN.ASM 459 : Found directive in column 1. (BANKSEL)
Warning[204] K:\APPS\TEMPORARY GITHUB PROJECTS\INTRODUCTION TO MICROPROCESSORS\INTRO.X\MAIN.ASM 460 : Found pseudo-op in column 1. (MOVFW)
Warning[205] K:\APPS\TEMPORARY GITHUB PROJECTS\INTRODUCTION TO MICROPROCESSORS\INTRO.X\MAIN.ASM 461 : Found directive in column 1. (BANKSEL)
Warning[203] K:\APPS\TEMPORARY GITHUB PROJECTS\INTRODUCTION TO MICROPROCESSORS\INTRO.X\MAIN.ASM 462 : Found opcode in column 1. (XORLW)
Warning[203] K:\APPS\TEMPORARY GITHUB PROJECTS\INTRODUCTION TO MICROPROCESSORS\INTRO.X\MAIN.ASM 463 : Found opcode in column 1. (BTFSS)
Warning[203] K:\APPS\TEMPORARY GITHUB PROJECTS\INTRODUCTION TO MICROPROCESSORS\INTRO.X\MAIN.ASM 464 : Found opcode in column 1. (GOTO)
Warning[205] K:\APPS\TEMPORARY GITHUB PROJECTS\INTRODUCTION TO MICROPROCESSORS\INTRO.X\MAIN.ASM 466 : Found directive in column 1. (BANKSEL)
Warning[203] K:\APPS\TEMPORARY GITHUB PROJECTS\INTRODUCTION TO MICROPROCESSORS\INTRO.X\MAIN.ASM 467 : Found opcode in column 1. (CLRF)
Warning[203] K:\APPS\TEMPORARY GITHUB PROJECTS\INTRODUCTION TO MICROPROCESSORS\INTRO.X\MAIN.ASM 468 : Found opcode in column 1. (MOVLW)
Warning[203] K:\APPS\TEMPORARY GITHUB PROJECTS\INTRODUCTION TO MICROPROCESSORS\INTRO.X\MAIN.ASM 469 : Found opcode in column 1. (MOVWF)
Message[302] K:\APPS\TEMPORARY GITHUB PROJECTS\INTRODUCTION TO MICROPROCESSORS\INTRO.X\MAIN.ASM 480 : Register in operand not in bank 0.  Ensure that bank bits are correct.
Message[302] K:\APPS\TEMPORARY GITHUB PROJECTS\INTRODUCTION TO MICROPROCESSORS\INTRO.X\MAIN.ASM 482 : Register in operand not in bank 0.  Ensure that bank bits are correct.
Message[302] K:\APPS\TEMPORARY GITHUB PROJECTS\INTRODUCTION TO MICROPROCESSORS\INTRO.X\MAIN.ASM 483 : Register in operand not in bank 0.  Ensure that bank bits are correct.
Message[302] K:\APPS\TEMPORARY GITHUB PROJECTS\INTRODUCTION TO MICROPROCESSORS\INTRO.X\MAIN.ASM 485 : Register in operand not in bank 0.  Ensure that bank bits are correct.
Warning[207] K:\APPS\TEMPORARY GITHUB PROJECTS\INTRODUCTION TO MICROPROCESSORS\INTRO.X\MAIN.ASM 500 : Found label after column 1. (EEPROMend)
Warning[205] K:\APPS\TEMPORARY GITHUB PROJECTS\INTRODUCTION TO MICROPROCESSORS\INTRO.X\MAIN.ASM 514 : Found directive in column 1. (end)
