Warning[205] K:\APPS\TEMPORARY GITHUB PROJECTS\INTRODUCTION TO MICROPROCESSORS\INTRO.X\MAIN.ASM 37 : Found directive in column 1. (BANKSEL)
Warning[203] K:\APPS\TEMPORARY GITHUB PROJECTS\INTRODUCTION TO MICROPROCESSORS\INTRO.X\MAIN.ASM 38 : Found opcode in column 1. (BTFSC)
Warning[203] K:\APPS\TEMPORARY GITHUB PROJECTS\INTRODUCTION TO MICROPROCESSORS\INTRO.X\MAIN.ASM 39 : Found opcode in column 1. (GOTO)
Warning[203] K:\APPS\TEMPORARY GITHUB PROJECTS\INTRODUCTION TO MICROPROCESSORS\INTRO.X\MAIN.ASM 40 : Found opcode in column 1. (GOTO)
Warning[203] K:\APPS\TEMPORARY GITHUB PROJECTS\INTRODUCTION TO MICROPROCESSORS\INTRO.X\MAIN.ASM 45 : Found opcode in column 1. (CALL)
Warning[205] K:\APPS\TEMPORARY GITHUB PROJECTS\INTRODUCTION TO MICROPROCESSORS\INTRO.X\MAIN.ASM 49 : Found directive in column 1. (BANKSEL)
Warning[203] K:\APPS\TEMPORARY GITHUB PROJECTS\INTRODUCTION TO MICROPROCESSORS\INTRO.X\MAIN.ASM 50 : Found opcode in column 1. (bcf)
Warning[203] K:\APPS\TEMPORARY GITHUB PROJECTS\INTRODUCTION TO MICROPROCESSORS\INTRO.X\MAIN.ASM 51 : Found opcode in column 1. (BCF)
Warning[205] K:\APPS\TEMPORARY GITHUB PROJECTS\INTRODUCTION TO MICROPROCESSORS\INTRO.X\MAIN.ASM 53 : Found directive in column 1. (BANKSEL)
Warning[203] K:\APPS\TEMPORARY GITHUB PROJECTS\INTRODUCTION TO MICROPROCESSORS\INTRO.X\MAIN.ASM 54 : Found opcode in column 1. (CLRF)
Warning[205] K:\APPS\TEMPORARY GITHUB PROJECTS\INTRODUCTION TO MICROPROCESSORS\INTRO.X\MAIN.ASM 56 : Found directive in column 1. (BANKSEl)
Warning[203] K:\APPS\TEMPORARY GITHUB PROJECTS\INTRODUCTION TO MICROPROCESSORS\INTRO.X\MAIN.ASM 57 : Found opcode in column 1. (BCF)
Warning[203] K:\APPS\TEMPORARY GITHUB PROJECTS\INTRODUCTION TO MICROPROCESSORS\INTRO.X\MAIN.ASM 59 : Found opcode in column 1. (GOTO)
Warning[205] K:\APPS\TEMPORARY GITHUB PROJECTS\INTRODUCTION TO MICROPROCESSORS\INTRO.X\MAIN.ASM 69 : Found directive in column 1. (BANKSEL)
Warning[203] K:\APPS\TEMPORARY GITHUB PROJECTS\INTRODUCTION TO MICROPROCESSORS\INTRO.X\MAIN.ASM 70 : Found opcode in column 1. (MOVLW)
Warning[203] K:\APPS\TEMPORARY GITHUB PROJECTS\INTRODUCTION TO MICROPROCESSORS\INTRO.X\MAIN.ASM 71 : Found opcode in column 1. (MOVWF)
Warning[203] K:\APPS\TEMPORARY GITHUB PROJECTS\INTRODUCTION TO MICROPROCESSORS\INTRO.X\MAIN.ASM 74 : Found opcode in column 1. (DECFSZ)
Message[305] K:\APPS\TEMPORARY GITHUB PROJECTS\INTRODUCTION TO MICROPROCESSORS\INTRO.X\MAIN.ASM 74 : Using default destination of 1 (file).
Warning[203] K:\APPS\TEMPORARY GITHUB PROJECTS\INTRODUCTION TO MICROPROCESSORS\INTRO.X\MAIN.ASM 75 : Found opcode in column 1. (GOTO)
Warning[205] K:\APPS\TEMPORARY GITHUB PROJECTS\INTRODUCTION TO MICROPROCESSORS\INTRO.X\MAIN.ASM 78 : Found directive in column 1. (BANKSEl)
Warning[203] K:\APPS\TEMPORARY GITHUB PROJECTS\INTRODUCTION TO MICROPROCESSORS\INTRO.X\MAIN.ASM 79 : Found opcode in column 1. (BCF)
Warning[205] K:\APPS\TEMPORARY GITHUB PROJECTS\INTRODUCTION TO MICROPROCESSORS\INTRO.X\MAIN.ASM 82 : Found directive in column 1. (BANKSEL)
Warning[203] K:\APPS\TEMPORARY GITHUB PROJECTS\INTRODUCTION TO MICROPROCESSORS\INTRO.X\MAIN.ASM 83 : Found opcode in column 1. (BTFSC)
Warning[203] K:\APPS\TEMPORARY GITHUB PROJECTS\INTRODUCTION TO MICROPROCESSORS\INTRO.X\MAIN.ASM 84 : Found opcode in column 1. (GOTO)
Warning[205] K:\APPS\TEMPORARY GITHUB PROJECTS\INTRODUCTION TO MICROPROCESSORS\INTRO.X\MAIN.ASM 92 : Found directive in column 1. (BANKSEL)
Warning[204] K:\APPS\TEMPORARY GITHUB PROJECTS\INTRODUCTION TO MICROPROCESSORS\INTRO.X\MAIN.ASM 93 : Found pseudo-op in column 1. (MOVFW)
Warning[203] K:\APPS\TEMPORARY GITHUB PROJECTS\INTRODUCTION TO MICROPROCESSORS\INTRO.X\MAIN.ASM 94 : Found opcode in column 1. (ADDLW)
Warning[203] K:\APPS\TEMPORARY GITHUB PROJECTS\INTRODUCTION TO MICROPROCESSORS\INTRO.X\MAIN.ASM 95 : Found opcode in column 1. (MOVWF)
Warning[205] K:\APPS\TEMPORARY GITHUB PROJECTS\INTRODUCTION TO MICROPROCESSORS\INTRO.X\MAIN.ASM 97 : Found directive in column 1. (BANKSEL)
Warning[203] K:\APPS\TEMPORARY GITHUB PROJECTS\INTRODUCTION TO MICROPROCESSORS\INTRO.X\MAIN.ASM 98 : Found opcode in column 1. (CLRF)
Warning[205] K:\APPS\TEMPORARY GITHUB PROJECTS\INTRODUCTION TO MICROPROCESSORS\INTRO.X\MAIN.ASM 101 : Found directive in column 1. (BANKSEl)
Warning[203] K:\APPS\TEMPORARY GITHUB PROJECTS\INTRODUCTION TO MICROPROCESSORS\INTRO.X\MAIN.ASM 102 : Found opcode in column 1. (BCF)
Warning[203] K:\APPS\TEMPORARY GITHUB PROJECTS\INTRODUCTION TO MICROPROCESSORS\INTRO.X\MAIN.ASM 115 : Found opcode in column 1. (Call)
Message[302] K:\APPS\TEMPORARY GITHUB PROJECTS\INTRODUCTION TO MICROPROCESSORS\INTRO.X\MAIN.ASM 133 : Register in operand not in bank 0.  Ensure that bank bits are correct.
Message[302] K:\APPS\TEMPORARY GITHUB PROJECTS\INTRODUCTION TO MICROPROCESSORS\INTRO.X\MAIN.ASM 134 : Register in operand not in bank 0.  Ensure that bank bits are correct.
Message[302] K:\APPS\TEMPORARY GITHUB PROJECTS\INTRODUCTION TO MICROPROCESSORS\INTRO.X\MAIN.ASM 135 : Register in operand not in bank 0.  Ensure that bank bits are correct.
Message[302] K:\APPS\TEMPORARY GITHUB PROJECTS\INTRODUCTION TO MICROPROCESSORS\INTRO.X\MAIN.ASM 140 : Register in operand not in bank 0.  Ensure that bank bits are correct.
Message[302] K:\APPS\TEMPORARY GITHUB PROJECTS\INTRODUCTION TO MICROPROCESSORS\INTRO.X\MAIN.ASM 143 : Register in operand not in bank 0.  Ensure that bank bits are correct.
Message[302] K:\APPS\TEMPORARY GITHUB PROJECTS\INTRODUCTION TO MICROPROCESSORS\INTRO.X\MAIN.ASM 144 : Register in operand not in bank 0.  Ensure that bank bits are correct.
Message[302] K:\APPS\TEMPORARY GITHUB PROJECTS\INTRODUCTION TO MICROPROCESSORS\INTRO.X\MAIN.ASM 145 : Register in operand not in bank 0.  Ensure that bank bits are correct.
Message[302] K:\APPS\TEMPORARY GITHUB PROJECTS\INTRODUCTION TO MICROPROCESSORS\INTRO.X\MAIN.ASM 153 : Register in operand not in bank 0.  Ensure that bank bits are correct.
Message[302] K:\APPS\TEMPORARY GITHUB PROJECTS\INTRODUCTION TO MICROPROCESSORS\INTRO.X\MAIN.ASM 156 : Register in operand not in bank 0.  Ensure that bank bits are correct.
Message[302] K:\APPS\TEMPORARY GITHUB PROJECTS\INTRODUCTION TO MICROPROCESSORS\INTRO.X\MAIN.ASM 160 : Register in operand not in bank 0.  Ensure that bank bits are correct.
Message[302] K:\APPS\TEMPORARY GITHUB PROJECTS\INTRODUCTION TO MICROPROCESSORS\INTRO.X\MAIN.ASM 168 : Register in operand not in bank 0.  Ensure that bank bits are correct.
Message[302] K:\APPS\TEMPORARY GITHUB PROJECTS\INTRODUCTION TO MICROPROCESSORS\INTRO.X\MAIN.ASM 170 : Register in operand not in bank 0.  Ensure that bank bits are correct.
Message[302] K:\APPS\TEMPORARY GITHUB PROJECTS\INTRODUCTION TO MICROPROCESSORS\INTRO.X\MAIN.ASM 178 : Register in operand not in bank 0.  Ensure that bank bits are correct.
Message[302] K:\APPS\TEMPORARY GITHUB PROJECTS\INTRODUCTION TO MICROPROCESSORS\INTRO.X\MAIN.ASM 184 : Register in operand not in bank 0.  Ensure that bank bits are correct.
Message[302] K:\APPS\TEMPORARY GITHUB PROJECTS\INTRODUCTION TO MICROPROCESSORS\INTRO.X\MAIN.ASM 186 : Register in operand not in bank 0.  Ensure that bank bits are correct.
Message[302] K:\APPS\TEMPORARY GITHUB PROJECTS\INTRODUCTION TO MICROPROCESSORS\INTRO.X\MAIN.ASM 187 : Register in operand not in bank 0.  Ensure that bank bits are correct.
Message[302] K:\APPS\TEMPORARY GITHUB PROJECTS\INTRODUCTION TO MICROPROCESSORS\INTRO.X\MAIN.ASM 188 : Register in operand not in bank 0.  Ensure that bank bits are correct.
Message[305] K:\APPS\TEMPORARY GITHUB PROJECTS\INTRODUCTION TO MICROPROCESSORS\INTRO.X\MAIN.ASM 241 : Using default destination of 1 (file).
Warning[207] K:\APPS\TEMPORARY GITHUB PROJECTS\INTRODUCTION TO MICROPROCESSORS\INTRO.X\MAIN.ASM 243 : Found label after column 1. (Elsepart)
Message[305] K:\APPS\TEMPORARY GITHUB PROJECTS\INTRODUCTION TO MICROPROCESSORS\INTRO.X\MAIN.ASM 245 : Using default destination of 1 (file).
Warning[207] K:\APPS\TEMPORARY GITHUB PROJECTS\INTRODUCTION TO MICROPROCESSORS\INTRO.X\MAIN.ASM 246 : Found label after column 1. (Endifpart)
Message[305] K:\APPS\TEMPORARY GITHUB PROJECTS\INTRODUCTION TO MICROPROCESSORS\INTRO.X\MAIN.ASM 260 : Using default destination of 1 (file).
Warning[207] K:\APPS\TEMPORARY GITHUB PROJECTS\INTRODUCTION TO MICROPROCESSORS\INTRO.X\MAIN.ASM 273 : Found label after column 1. (Overflow)
Message[305] K:\APPS\TEMPORARY GITHUB PROJECTS\INTRODUCTION TO MICROPROCESSORS\INTRO.X\MAIN.ASM 276 : Using default destination of 1 (file).
Warning[207] K:\APPS\TEMPORARY GITHUB PROJECTS\INTRODUCTION TO MICROPROCESSORS\INTRO.X\MAIN.ASM 277 : Found label after column 1. (Nooverflow)
Warning[205] K:\APPS\TEMPORARY GITHUB PROJECTS\INTRODUCTION TO MICROPROCESSORS\INTRO.X\MAIN.ASM 303 : Found directive in column 1. (end)
