MPASM 5.73                          MAIN.ASM   8-26-2018  21:11:29         PAGE  1


LOC  OBJECT CODE     LINE SOURCE TEXT
  VALUE

                      00001 #include "p16F887.inc"
                      00001         LIST
                      00002 
                      00003 ;==========================================================================
                      00004 ; Build date : Mar 21 2017
                      00005 ;  MPASM PIC16F887 processor include
                      00006 ; 
                      00007 ;  (c) Copyright 1999-2017 Microchip Technology, All rights reserved
                      00008 ;==========================================================================
                      00009 
                      00810         LIST
                      00002 
                      00003 ; CONFIG1
                      00004 ; __config 0x3FF5
2007   33F5           00005     __CONFIG _CONFIG1, _FOSC_INTRC_CLKOUT & _WDTE_OFF & _PWRTE_OFF & _MCLRE_ON & _CP_OFF & _CPD_OFF & _B
                            OREN_ON & _IESO_OFF & _FCMEN_OFF & _LVP_ON
                      00006 ; CONFIG2
                      00007 ; __config 0x3FFF
2008   3FFF           00008     __CONFIG _CONFIG2, _BOR4V_BOR40V & _WRT_OFF
                      00009 
                      00010 ;**************** DEFINING VARIABLES ****************************************
                      00011     cblock      0x20
  00000020            00012                 counter
                      00013     endc
                      00014     
                      00015     cblock      0x70            ; Block of variables starts at address 70h
  00000070            00016                 W_TEMP          ; 71h stores working register for interupts
  00000071            00017                 STATUS_TEMP     ; 72h stores status register
  00000072            00018                 Delaycounter    ; 73h stores counter for ISR delay
  00000073            00019                 ButtonP         ; 74h stores button pressed
                      00020     endc                                                
                      00021        
                      00022 ;************************ START OF PROGRAM **********************************
                      00023     org         0x0000          ; Address of the first program instruction
0000   2???           00024     goto        main            ; Go to label "main"
                      00025        
                      00026 ;************************ INTERRUPT ROUTINE *********************************
                      00027     org         0x0004                  ; Interrupt vector
                      00028 ;************************ ISR contex saving from datasheet ******************
0004   00F0           00029     MOVWF       W_TEMP                  ;copy W to temp register,could be in either bank
0005   0E03           00030     SWAPF       STATUS,W                ;swap status to be saved into W
0006   1283           00031     BCF         STATUS,RP0              ;change to bank 0 regardless of current bank
0007   00F1           00032     MOVWF       STATUS_TEMP             ;save status to bank 0 register
                      00033 ;************************ Interupt service routine***************************
                      00034 
                      00035 ;Switch code to see if interupt was by timer0 or portB
                      00036     
Warning[205]: Found directive in column 1. (BANKSEL)
0008   1283 1303      00037 BANKSEL         INTCON
Warning[203]: Found opcode in column 1. (BTFSC)
000A   190B           00038 BTFSC           INTCON,TMR0IF           ; Test to see if interupt was by TMR0
Warning[203]: Found opcode in column 1. (GOTO)
000B   2???           00039 GOTO            TMR0INTERUPT            ; interupt for tmr0 interupt
MPASM 5.73                          MAIN.ASM   8-26-2018  21:11:29         PAGE  2


LOC  OBJECT CODE     LINE SOURCE TEXT
  VALUE

Warning[203]: Found opcode in column 1. (GOTO)
000C   2???           00040 GOTO            PORTBINTERUPT           ; Clear means it was not tmr0
                      00041 ;in other words PORTB
000D                  00042 TMR0INTERUPT:    
                      00043 
                      00044     
Warning[203]: Found opcode in column 1. (CALL)
000D   2???           00045 CALL            Loop7seg
                      00046     
                      00047     
                      00048 ;Clearing aditional flags as needed by the ISR
Warning[205]: Found directive in column 1. (BANKSEL)
000E   1283 1303      00049 BANKSEL INTCON                          ; In order to clear overflow flag 
Warning[203]: Found opcode in column 1. (bcf)
0010   110B           00050 bcf             INTCON,TMR0IF           ; clear interrupt flag TMR0IF
Warning[203]: Found opcode in column 1. (BCF)
0011   1003           00051 BCF             STATUS,C                ;Clear zero flag for shenanigans
                      00052 
Warning[205]: Found directive in column 1. (BANKSEL)
0012   1283 1303      00053 BANKSEL         TMR0
Warning[203]: Found opcode in column 1. (CLRF)
0014   0181           00054 CLRF            TMR0                    ; Reset tmr0 as ISR could last as long
                      00055     
Warning[205]: Found directive in column 1. (BANKSEl)
0015   1283 1303      00056 BANKSEl         INTCON                  ; Clear interupt flag after routine
Warning[203]: Found opcode in column 1. (BCF)
0017   100B           00057 BCF             INTCON,RBIF    
                      00058     
Warning[203]: Found opcode in column 1. (GOTO)
0018   2???           00059 GOTO            endISR                  ;end of interupt service routine
                      00060     
                      00061 ;Code if intereupt is done by portB
0019                  00062 PORTBINTERUPT:     
                      00063 ;Software debounce circuit
                      00064 ;Will cause a minor delay and make sure B is still pressed
                      00065 ;If yes execute ISR if not exit
                      00066     
                      00067 
                      00068     
Warning[205]: Found directive in column 1. (BANKSEL)
0019   1283 1303      00069 BANKSEL         Delaycounter
Warning[203]: Found opcode in column 1. (MOVLW)
001B   30FF           00070 MOVLW           b'11111111'             ; Max amount with one one loop
Warning[203]: Found opcode in column 1. (MOVWF)
001C   00F2           00071 MOVWF           Delaycounter
                      00072 
001D                  00073 ISRdelay:                               ; Fully decrement register
Warning[203]: Found opcode in column 1. (DECFSZ)
Message[305]: Using default destination of 1 (file).
001D   0BF2           00074 DECFSZ          Delaycounter
Warning[203]: Found opcode in column 1. (GOTO)
001E   2???           00075 GOTO            ISRdelay
                      00076 ;When do do normal code
MPASM 5.73                          MAIN.ASM   8-26-2018  21:11:29         PAGE  3


LOC  OBJECT CODE     LINE SOURCE TEXT
  VALUE

                      00077 
Warning[205]: Found directive in column 1. (BANKSEl)
001F   1283 1303      00078 BANKSEl         INTCON                  ; Clear interupt flag after routine
Warning[203]: Found opcode in column 1. (BCF)
0021   100B           00079 BCF             INTCON,RBIF
                      00080 
                      00081     
Warning[205]: Found directive in column 1. (BANKSEL)
0022   1283 1303      00082 BANKSEL         PORTB
Warning[203]: Found opcode in column 1. (BTFSC)
0024   1806           00083 BTFSC           PORTB,0                 ; Check if button still pressed
Warning[203]: Found opcode in column 1. (GOTO)
0025   2???           00084 GOTO            endISR                  ; Skip the actual ISR when not
                      00085 ;it is so do ISR
                      00086 
                      00087 
                      00088 
                      00089     
                      00090 
                      00091 ;Add 1 to ButtonP always reverses bit 0
Warning[205]: Found directive in column 1. (BANKSEL)
0026   1283 1303      00092 BANKSEL         ButtonP
Warning[204]: Found pseudo-op in column 1. (MOVFW)
0028   0873           00093 MOVFW           ButtonP
Warning[203]: Found opcode in column 1. (ADDLW)
0029   3E01           00094 ADDLW           b'00000001'             ; Reverse bit 0
Warning[203]: Found opcode in column 1. (MOVWF)
002A   00F3           00095 MOVWF           ButtonP
                      00096 
Warning[205]: Found directive in column 1. (BANKSEL)
002B   1283 1303      00097 BANKSEL         TMR0
Warning[203]: Found opcode in column 1. (CLRF)
002D   0181           00098 CLRF            TMR0                    ; Reset tmr0 as ISR could last as long
                      00099 ;as button is pressed
                      00100     
Warning[205]: Found directive in column 1. (BANKSEl)
002E   1283 1303      00101 BANKSEl         INTCON                  ; Clear interupt flag after routine
Warning[203]: Found opcode in column 1. (BCF)
0030   100B           00102 BCF             INTCON,RBIF
0031                  00103 endISR:
                      00104 ;************************ ISR context loading from datasheet ****************
0031   0E71           00105     SWAPF       STATUS_TEMP,W           ;swap STATUS_TEMP register into W, sets bank to original state
0032   0083           00106     MOVWF       STATUS                  ;move W into STATUS register
0033   0EF0           00107     SWAPF       W_TEMP,F                ;swap W_TEMP
0034   0E70           00108     SWAPF       W_TEMP,W                ;swap W_TEMP into W
                      00109 
0035   0009           00110     retfie                              ;Return from interrupt routine
                      00111        
                      00112 ;************************ MAIN PROGRAM **************************************
0036                  00113 main                                ;Start of the main program
                      00114     
Warning[203]: Found opcode in column 1. (Call)
0036   2???           00115 Call            mSETUP              ;Setup for main loop
MPASM 5.73                          MAIN.ASM   8-26-2018  21:11:29         PAGE  4


LOC  OBJECT CODE     LINE SOURCE TEXT
  VALUE

                      00116         
0037                  00117 loop
                      00118     ;Do literally nothing
0037   2???           00119     goto        loop            ; Remain here
                      00120 
                      00121   
0038                  00122 mSETUP
                      00123     ;All the setup for the main loop before the main code runs
                      00124     ;Includes allowing interupts, tmr0 interupt, setting oscillator
                      00125     ;speed to 250KHZ, reseting tmr0 and setting portA to digital out.
                      00126     
                      00127     ;Disable all interupts during setup
0038   1283 1303      00128     BANKSEL      INTCON             ; In oder to disable all interupts during setup
003A   138B           00129     BCF          INTCON,GIE         ; Disabled during setup
003B   168B           00130     BSF          INTCON,T0IE        ; Disable interupt for timer0 as I will use polling
                      00131 
003C   1683 1303      00132     banksel     OPTION_REG          ; Bank containing register OPTION_REG
Message[302]: Register in operand not in bank 0.  Ensure that bank bits are correct.
003E   0181           00133     clrf        OPTION_REG
Message[302]: Register in operand not in bank 0.  Ensure that bank bits are correct.
003F   1281           00134     bcf         OPTION_REG,T0CS     ; TMR0 counts pulses from oscillator       
Message[302]: Register in operand not in bank 0.  Ensure that bank bits are correct.
0040   1181           00135     bcf         OPTION_REG,PSA      ; Prescaler is assign to WDT
                      00136 
0041   1283 1303      00137     BANKSEL     INTCON
0043   158B           00138     BSF         INTCON,RBIE         ;Enable PORTB interupt
0044   1683 1303      00139     BANKSEL     IOCB                
Message[302]: Register in operand not in bank 0.  Ensure that bank bits are correct.
0046   1416           00140     BSF         IOCB,IOCB0          ;For only PORTB0
                      00141     
0047   1683 1303      00142     BANKSEL     OSCCON              ; Set clock to 250khz/ 010 6-4
Message[302]: Register in operand not in bank 0.  Ensure that bank bits are correct.
0049   130F           00143     BCF         OSCCON,6
Message[302]: Register in operand not in bank 0.  Ensure that bank bits are correct.
004A   168F           00144     BSF         OSCCON,5
Message[302]: Register in operand not in bank 0.  Ensure that bank bits are correct.
004B   120F           00145     BCF         OSCCON,4
                      00146     
                      00147     
                      00148 ;START of PORTC setup    
004C   1283 1303      00149     BANKSEL     PORTC               ;For portA setup
004E   0187           00150     CLRF        PORTC               ;Initialise PORTA
004F   1683 1703      00151     BANKSEL     ANSEL               ;
0051   3000           00152     MOVLW       b'00000000'         ;
Message[302]: Register in operand not in bank 0.  Ensure that bank bits are correct.
0052   0088           00153     MOVWF       ANSEL               ;Set PORTA to digital
0053   1683 1303      00154     BANKSEL     TRISC               ;Select the bank of TRISA
0055   3000           00155     MOVLW       b'00000000'
Message[302]: Register in operand not in bank 0.  Ensure that bank bits are correct.
0056   0087           00156     MOVWF       TRISC               ;Set port A0 to output
                      00157     ;Bit 5 is input to not lock the port being used for tmr0 
0057   1683 1703      00158     BANKSEL     ANSELH              ;Set all of port A to digital IO
0059   3000           00159     MOVLW       b'00000000'         ;
MPASM 5.73                          MAIN.ASM   8-26-2018  21:11:29         PAGE  5


LOC  OBJECT CODE     LINE SOURCE TEXT
  VALUE

Message[302]: Register in operand not in bank 0.  Ensure that bank bits are correct.
005A   0089           00160     MOVWF       ANSELH              ;0 means digital
                      00161 ;end of PORTC setup
                      00162     
                      00163 ;Start of PORTB setup
005B   1283 1303      00164     BANKSEL     PORTB               ;For portB setup
005D   0186           00165     CLRF        PORTB               ;Initialise PORTB
005E   1683 1303      00166     BANKSEL     TRISB
0060   30FF           00167     MOVLW       b'11111111'         ;
Message[302]: Register in operand not in bank 0.  Ensure that bank bits are correct.
0061   0086           00168     MOVWF       TRISB               ;Set portB to output
0062   1683 1303      00169     BANKSEL     WPUB
Message[302]: Register in operand not in bank 0.  Ensure that bank bits are correct.
0064   0195           00170     CLRF        WPUB                ;Maybe this is needed?
                      00171 ;end of PORTB setup
                      00172 
                      00173 ;Start of PORTA setup   
0065   1283 1303      00174     BANKSEL     PORTA               ;For portA setup
0067   0185           00175     CLRF        PORTA               ;Initialise PORTA
0068   1683 1303      00176     BANKSEL     TRISA               ;Select the bank of TRISA
006A   3000           00177     MOVLW       b'00000000'
Message[302]: Register in operand not in bank 0.  Ensure that bank bits are correct.
006B   0085           00178     MOVWF       TRISA               ;Set port A0 to output
                      00179 ;end of PORTA setup
                      00180     
                      00181     
                      00182     
006C   1683 1303      00183     BANKSEL     OPTION_REG                  ;Assign prescaller to tmr0
Message[302]: Register in operand not in bank 0.  Ensure that bank bits are correct.
006E   1181           00184     BCF         OPTION_REG,PSA
006F   1683 1303      00185     BANKSEL     OPTION_REG
Message[302]: Register in operand not in bank 0.  Ensure that bank bits are correct.
0071   1501           00186     BSF         OPTION_REG,PS2              ;Set prescaller to 1:265
Message[302]: Register in operand not in bank 0.  Ensure that bank bits are correct.
0072   1481           00187     BSF         OPTION_REG,PS1
Message[302]: Register in operand not in bank 0.  Ensure that bank bits are correct.
0073   1401           00188     BSF         OPTION_REG,PS0
                      00189     
                      00190     
0074   1283 1303      00191     banksel     TMR0                ; Clear timer0 and counter
0076   0181           00192     clrf        TMR0
0077   01A0           00193     clrf        counter
                      00194 ;Enable interupts after setup
0078   1283 1303      00195     BANKSEL     INTCON              ; Enable interupts after setup
007A   178B           00196     BSF         INTCON,GIE          ; Enabled after setup
                      00197 
                      00198     
007B   0008           00199     RETURN      ;End of setup
                      00200     
007C                  00201 intTO7seg
                      00202    
                      00203     ;Inputs an int in working
                      00204     ;Outputs to a seven segment display in working
MPASM 5.73                          MAIN.ASM   8-26-2018  21:11:29         PAGE  6


LOC  OBJECT CODE     LINE SOURCE TEXT
  VALUE

                      00205     ;Code assumes common cathode for simplicty
                      00206     ;Runs as a "Lookup table"
                      00207     ;Probably messes with status flags,
                      00208     ;Also included code for A through F but program won't use it.
                      00209     ;PCL is a common register to all banks
                      00210     
                      00211     ;PCL is program counter least signifigant bit
                      00212     ;Each instruction is 1 byte so jumping that will jump to the correct retlw  
007C   0782           00213     ADDWF       PCL,f                   ; Jump working register lines down
007D   343F           00214     RETLW       b'00111111'             ; 7 segment display for 0 return this
007E   3406           00215     RETLW       b'00000110'             ; 7 segment display for 1 return this
007F   345B           00216     RETLW       b'01011011'             ; 7 segment display for 2 return this 
0080   344F           00217     RETLW       b'01001111'             ; 7 segment display for 3 return this 
0081   3466           00218     RETLW       b'01100110'             ; 7 segment display for 4 return this
0082   346D           00219     RETLW       b'01101101'             ; 7 segment display for 5 return this
0083   347D           00220     RETLW       b'01111101'             ; 7 segment display for 6 return this 
0084   3407           00221     RETLW       b'00000111'             ; 7 segment display for 7 return this
0085   347F           00222     RETLW       b'01111111'             ; 7 segment display for 8 return this
0086   346F           00223     RETLW       b'01101111'             ; 7 segment display for 9 return this
0087   3477           00224     RETLW       b'01110111'             ; 7 segment display for A return this
0088   347C           00225     RETLW       b'01111100'             ; 7 segment display for B return this
0089   3439           00226     RETLW       b'00111001'             ; 7 segment display for C return this
008A   345E           00227     RETLW       b'01011110'             ; 7 segment display for D return this
008B   3479           00228     RETLW       b'01111001'             ; 7 segment display for E return this
008C   3471           00229     RETLW       b'01110001'             ; 7 segment display for F return this
                      00230     
008D   0008           00231     return
                      00232 
008E                  00233 Loop7seg
                      00234 
                      00235     ;Check if I increment or decrement counter
                      00236     ;Switch ButtonP bit0 = 1 means decrement vs bit0 = 0 means increment
008E   1283 1303      00237     BANKSEL     ButtonP   
0090   1C73           00238     BTFSS       ButtonP,0               ; Check if increment or decrement
0091   2???           00239     GOTO        Elsepart
0092   1283 1303      00240     BANKSEL     counter
Message[305]: Using default destination of 1 (file).
0094   03A0           00241     DECF        counter                 ; Decrement couter
0095   2???           00242     GOTO        Endifpart
Warning[207]: Found label after column 1. (Elsepart)
0096                  00243     Elsepart:
0096   1283 1303      00244     BANKSEL     counter
Message[305]: Using default destination of 1 (file).
0098   0AA0           00245     INCF        counter                 ; increment counter  
Warning[207]: Found label after column 1. (Endifpart)
0099                  00246     Endifpart:
                      00247     ;end of increment/decrement    
                      00248     
                      00249     ;Counter underflow check
0099   0820           00250     MOVFW       counter                 ; Check if counter is above
009A   3EF0           00251     ADDLW       b'11110000'             ; 
009B   1283 1303      00252     BANKSEL     STATUS                  
009D   1803           00253     BTFSC       STATUS,C                ; 
MPASM 5.73                          MAIN.ASM   8-26-2018  21:11:29         PAGE  7


LOC  OBJECT CODE     LINE SOURCE TEXT
  VALUE

009E   2???           00254     GOTO        elseunderflow           ; if underflow set to 9
009F   2???           00255     GOTO        endunderflow            ; if nothing do nothing
00A0                  00256 elseunderflow:
00A0   1283 1303      00257     BANKSEL     STATUS                  
00A2   1003           00258     BCF         STATUS,C                ;Clear changes to status
00A3   1283 1303      00259     BANKSEL     PORTA
Message[305]: Using default destination of 1 (file).
00A5   0385           00260     DECF        PORTA                   ;Change MSB which is PORTA
00A6   3009           00261     MOVLW       b'00001001'             ;Will only trigger on dec so set to 9
00A7   00A0           00262     MOVWF       counter                 ;Save modification
00A8                  00263 endunderflow:
                      00264     
                      00265     
                      00266     
00A8   0820           00267     MOVFW       counter
00A9   3A0A           00268     XORLW       .10                     ; Check is number is 10
00AA   1283 1303      00269     BANKSEL     STATUS                  
00AC   1903           00270     BTFSC       STATUS,Z                ; 
00AD   2???           00271     GOTO        Overflow
00AE   2???           00272     GOTO        Nooverflow              ; No over no counter change
Warning[207]: Found label after column 1. (Overflow)
00AF                  00273     Overflow:
00AF   01A0           00274     CLRF        counter                 ; Reset to zero if is
00B0   1283 1303      00275     BANKSEL     PORTA
Message[305]: Using default destination of 1 (file).
00B2   0A85           00276     INCF        PORTA                   ; Increment PORTA on overflow
Warning[207]: Found label after column 1. (Nooverflow)
00B3                  00277     Nooverflow:
00B3   1103           00278     BCF         STATUS,Z
                      00279     
                      00280     
00B4   1283 1303      00281     BANKSEL     0                       
00B6   0820           00282     MOVFW       counter                 ;For function
00B7   2???           00283     CALL        intTO7seg               ;Convert to seven segment out
00B8   0087           00284     MOVWF       PORTC                   ;Output result to PORTA
                      00285     
                      00286     
                      00287 
                      00288     
00B9   1283 1303      00289     BANKSEL     INTCON                  ; In order to clear overflow flag 
00BB   110B           00290     BCF         INTCON,TMR0IF           ; clear interrupt flag TMR0IF
00BC   1283 1303      00291     BANKSEL     STATUS
00BE   1003           00292     BCF         STATUS,C                ; Clear carry flag from earlier check    
                      00293     
                      00294     
                      00295     
                      00296     
00BF   0008           00297     return
                      00298     
                      00299     
                      00300     
                      00301     
                      00302     
MPASM 5.73                          MAIN.ASM   8-26-2018  21:11:29         PAGE  8


LOC  OBJECT CODE     LINE SOURCE TEXT
  VALUE

Warning[205]: Found directive in column 1. (end)
33F5 3FFF             00303 end
MPASM 5.73                          MAIN.ASM   8-26-2018  21:11:29         PAGE  9


SYMBOL TABLE
  LABEL                             VALUE 

ABDEN                             00000000
ABDOVF                            00000007
ACKDT                             00000005
ACKEN                             00000004
ACKSTAT                           00000006
ADCON0                            0000001F
ADCON1                            0000009F
ADCS0                             00000006
ADCS1                             00000007
ADDEN                             00000003
ADFM                              00000007
ADIE                              00000006
ADIF                              00000006
ADON                              00000000
ADRESH                            0000001E
ADRESL                            0000009E
ANS0                              00000000
ANS1                              00000001
ANS10                             00000002
ANS11                             00000003
ANS12                             00000004
ANS13                             00000005
ANS2                              00000002
ANS3                              00000003
ANS4                              00000004
ANS5                              00000005
ANS6                              00000006
ANS7                              00000007
ANS8                              00000000
ANS9                              00000001
ANSEL                             00000188
ANSELH                            00000189
BAUDCTL                           00000187
BCLIE                             00000003
BCLIF                             00000003
BF                                00000000
BRG0                              00000000
BRG1                              00000001
BRG10                             00000002
BRG11                             00000003
BRG12                             00000004
BRG13                             00000005
BRG14                             00000006
BRG15                             00000007
BRG16                             00000003
BRG2                              00000002
BRG3                              00000003
BRG4                              00000004
BRG5                              00000005
BRG6                              00000006
BRG7                              00000007
BRG8                              00000000
BRG9                              00000001
MPASM 5.73                          MAIN.ASM   8-26-2018  21:11:29         PAGE 10


SYMBOL TABLE
  LABEL                             VALUE 

BRGH                              00000002
ButtonP                           00000073
C                                 00000000
C1CH0                             00000000
C1CH1                             00000001
C1IE                              00000005
C1IF                              00000005
C1OE                              00000005
C1ON                              00000007
C1OUT                             00000006
C1POL                             00000004
C1R                               00000002
C1RSEL                            00000005
C1SEN                             00000005
C2CH0                             00000000
C2CH1                             00000001
C2IE                              00000006
C2IF                              00000006
C2OE                              00000005
C2ON                              00000007
C2OUT                             00000006
C2POL                             00000004
C2R                               00000002
C2REN                             00000004
C2RSEL                            00000004
C2SYNC                            00000000
CCP1CON                           00000017
CCP1IE                            00000002
CCP1IF                            00000002
CCP1M0                            00000000
CCP1M1                            00000001
CCP1M2                            00000002
CCP1M3                            00000003
CCP1X                             00000005
CCP1Y                             00000004
CCP2CON                           0000001D
CCP2IE                            00000000
CCP2IF                            00000000
CCP2M0                            00000000
CCP2M1                            00000001
CCP2M2                            00000002
CCP2M3                            00000003
CCP2X                             00000005
CCP2Y                             00000004
CCPR1                             00000015
CCPR1H                            00000016
CCPR1L                            00000015
CCPR2                             0000001B
CCPR2H                            0000001C
CCPR2L                            0000001B
CHS0                              00000002
CHS1                              00000003
CHS2                              00000004
MPASM 5.73                          MAIN.ASM   8-26-2018  21:11:29         PAGE 11


SYMBOL TABLE
  LABEL                             VALUE 

CHS3                              00000005
CKE                               00000006
CKP                               00000004
CM1CON0                           00000107
CM2CON0                           00000108
CM2CON1                           00000109
CREN                              00000004
CSRC                              00000007
D                                 00000005
DATA_ADDRESS                      00000005
DC                                00000001
DC1B0                             00000004
DC1B1                             00000005
DC2B0                             00000004
DC2B1                             00000005
D_A                               00000005
D_NOT_A                           00000005
Delaycounter                      00000072
ECCPAS                            0000009C
ECCPAS0                           00000004
ECCPAS1                           00000005
ECCPAS2                           00000006
ECCPASE                           00000007
EEADR                             0000010D
EEADRH                            0000010F
EECON1                            0000018C
EECON2                            0000018D
EEDAT                             0000010C
EEDATA                            0000010C
EEDATH                            0000010E
EEIE                              00000004
EEIF                              00000004
EEPGD                             00000007
Elsepart                          00000096
Endifpart                         00000099
F                                 00000001
FERR                              00000002
FSR                               00000004
FVREN                             00000000
GCEN                              00000007
GIE                               00000007
GO                                00000001
GO_DONE                           00000001
GO_NOT_DONE                       00000001
HTS                               00000002
I2C_DATA                          00000005
I2C_READ                          00000002
I2C_START                         00000003
I2C_STOP                          00000004
INDF                              00000000
INTCON                            0000000B
INTE                              00000004
INTEDG                            00000006
MPASM 5.73                          MAIN.ASM   8-26-2018  21:11:29         PAGE 12


SYMBOL TABLE
  LABEL                             VALUE 

INTF                              00000001
IOCB                              00000096
IOCB0                             00000000
IOCB1                             00000001
IOCB2                             00000002
IOCB3                             00000003
IOCB4                             00000004
IOCB5                             00000005
IOCB6                             00000006
IOCB7                             00000007
IRCF0                             00000004
IRCF1                             00000005
IRCF2                             00000006
IRP                               00000007
ISRdelay                          0000001D
LTS                               00000001
Loop7seg                          0000008E
MC1OUT                            00000007
MC2OUT                            00000006
MSK                               00000093
MSK0                              00000000
MSK1                              00000001
MSK2                              00000002
MSK3                              00000003
MSK4                              00000004
MSK5                              00000005
MSK6                              00000006
MSK7                              00000007
NOT_A                             00000005
NOT_ADDRESS                       00000005
NOT_BO                            00000000
NOT_BOR                           00000000
NOT_DONE                          00000001
NOT_PD                            00000003
NOT_POR                           00000001
NOT_RBPU                          00000007
NOT_RC8                           00000006
NOT_T1SYNC                        00000002
NOT_TO                            00000004
NOT_TX8                           00000006
NOT_W                             00000002
NOT_WRITE                         00000002
Nooverflow                        000000B3
OERR                              00000001
OPTION_REG                        00000081
OSCCON                            0000008F
OSCTUNE                           00000090
OSFIE                             00000007
OSFIF                             00000007
OSTS                              00000003
Overflow                          000000AF
P                                 00000004
P1M0                              00000006
MPASM 5.73                          MAIN.ASM   8-26-2018  21:11:29         PAGE 13


SYMBOL TABLE
  LABEL                             VALUE 

P1M1                              00000007
PCL                               00000002
PCLATH                            0000000A
PCON                              0000008E
PDC0                              00000000
PDC1                              00000001
PDC2                              00000002
PDC3                              00000003
PDC4                              00000004
PDC5                              00000005
PDC6                              00000006
PEIE                              00000006
PEN                               00000002
PIE1                              0000008C
PIE2                              0000008D
PIR1                              0000000C
PIR2                              0000000D
PORTA                             00000005
PORTB                             00000006
PORTBINTERUPT                     00000019
PORTC                             00000007
PORTD                             00000008
PORTE                             00000009
PR2                               00000092
PRSEN                             00000007
PS0                               00000000
PS1                               00000001
PS2                               00000002
PSA                               00000003
PSSAC0                            00000002
PSSAC1                            00000003
PSSBD0                            00000000
PSSBD1                            00000001
PSTRCON                           0000009D
PULSR                             00000002
PULSS                             00000003
PWM1CON                           0000009B
R                                 00000002
RA0                               00000000
RA1                               00000001
RA2                               00000002
RA3                               00000003
RA4                               00000004
RA5                               00000005
RA6                               00000006
RA7                               00000007
RB0                               00000000
RB1                               00000001
RB2                               00000002
RB3                               00000003
RB4                               00000004
RB5                               00000005
RB6                               00000006
MPASM 5.73                          MAIN.ASM   8-26-2018  21:11:29         PAGE 14


SYMBOL TABLE
  LABEL                             VALUE 

RB7                               00000007
RBIE                              00000003
RBIF                              00000000
RC0                               00000000
RC1                               00000001
RC2                               00000002
RC3                               00000003
RC4                               00000004
RC5                               00000005
RC6                               00000006
RC7                               00000007
RC8_9                             00000006
RC9                               00000006
RCD8                              00000000
RCEN                              00000003
RCIDL                             00000006
RCIE                              00000005
RCIF                              00000005
RCREG                             0000001A
RCSTA                             00000018
RD                                00000000
RD0                               00000000
RD1                               00000001
RD2                               00000002
RD3                               00000003
RD4                               00000004
RD5                               00000005
RD6                               00000006
RD7                               00000007
RE0                               00000000
RE1                               00000001
RE2                               00000002
RE3                               00000003
READ_WRITE                        00000002
RP0                               00000005
RP1                               00000006
RSEN                              00000001
RX9                               00000006
RX9D                              00000000
R_NOT_W                           00000002
R_W                               00000002
S                                 00000003
SBOREN                            00000004
SCKP                              00000004
SCS                               00000000
SEN                               00000000
SENDB                             00000003
SMP                               00000007
SPBRG                             00000099
SPBRGH                            0000009A
SPEN                              00000007
SR0                               00000006
SR1                               00000007
MPASM 5.73                          MAIN.ASM   8-26-2018  21:11:29         PAGE 15


SYMBOL TABLE
  LABEL                             VALUE 

SRCON                             00000185
SREN                              00000005
SSPADD                            00000093
SSPBUF                            00000013
SSPCON                            00000014
SSPCON2                           00000091
SSPEN                             00000005
SSPIE                             00000003
SSPIF                             00000003
SSPM0                             00000000
SSPM1                             00000001
SSPM2                             00000002
SSPM3                             00000003
SSPMSK                            00000093
SSPOV                             00000006
SSPSTAT                           00000094
STATUS                            00000003
STATUS_TEMP                       00000071
STRA                              00000000
STRB                              00000001
STRC                              00000002
STRD                              00000003
STRSYNC                           00000004
SWDTEN                            00000000
SYNC                              00000004
T0CS                              00000005
T0IE                              00000005
T0IF                              00000002
T0SE                              00000004
T1CKPS0                           00000004
T1CKPS1                           00000005
T1CON                             00000010
T1GINV                            00000007
T1GIV                             00000007
T1GSS                             00000001
T1INSYNC                          00000002
T1OSCEN                           00000003
T1SYNC                            00000002
T2CKPS0                           00000000
T2CKPS1                           00000001
T2CON                             00000012
TMR0                              00000001
TMR0IE                            00000005
TMR0IF                            00000002
TMR0INTERUPT                      0000000D
TMR1                              0000000E
TMR1CS                            00000001
TMR1GE                            00000006
TMR1H                             0000000F
TMR1IE                            00000000
TMR1IF                            00000000
TMR1L                             0000000E
TMR1ON                            00000000
MPASM 5.73                          MAIN.ASM   8-26-2018  21:11:29         PAGE 16


SYMBOL TABLE
  LABEL                             VALUE 

TMR2                              00000011
TMR2IE                            00000001
TMR2IF                            00000001
TMR2ON                            00000002
TOUTPS0                           00000003
TOUTPS1                           00000004
TOUTPS2                           00000005
TOUTPS3                           00000006
TRISA                             00000085
TRISA0                            00000000
TRISA1                            00000001
TRISA2                            00000002
TRISA3                            00000003
TRISA4                            00000004
TRISA5                            00000005
TRISA6                            00000006
TRISA7                            00000007
TRISB                             00000086
TRISB0                            00000000
TRISB1                            00000001
TRISB2                            00000002
TRISB3                            00000003
TRISB4                            00000004
TRISB5                            00000005
TRISB6                            00000006
TRISB7                            00000007
TRISC                             00000087
TRISC0                            00000000
TRISC1                            00000001
TRISC2                            00000002
TRISC3                            00000003
TRISC4                            00000004
TRISC5                            00000005
TRISC6                            00000006
TRISC7                            00000007
TRISD                             00000088
TRISD0                            00000000
TRISD1                            00000001
TRISD2                            00000002
TRISD3                            00000003
TRISD4                            00000004
TRISD5                            00000005
TRISD6                            00000006
TRISD7                            00000007
TRISE                             00000089
TRISE0                            00000000
TRISE1                            00000001
TRISE2                            00000002
TRISE3                            00000003
TRMT                              00000001
TUN0                              00000000
TUN1                              00000001
TUN2                              00000002
MPASM 5.73                          MAIN.ASM   8-26-2018  21:11:29         PAGE 17


SYMBOL TABLE
  LABEL                             VALUE 

TUN3                              00000003
TUN4                              00000004
TX8_9                             00000006
TX9                               00000006
TX9D                              00000000
TXD8                              00000000
TXEN                              00000005
TXIE                              00000004
TXIF                              00000004
TXREG                             00000019
TXSTA                             00000098
UA                                00000001
ULPWUE                            00000005
ULPWUIE                           00000002
ULPWUIF                           00000002
VCFG0                             00000004
VCFG1                             00000005
VR0                               00000000
VR1                               00000001
VR2                               00000002
VR3                               00000003
VRCON                             00000097
VREN                              00000007
VROE                              00000006
VRR                               00000005
VRSS                              00000004
W                                 00000000
WCOL                              00000007
WDTCON                            00000105
WDTPS0                            00000001
WDTPS1                            00000002
WDTPS2                            00000003
WDTPS3                            00000004
WPUB                              00000095
WPUB0                             00000000
WPUB1                             00000001
WPUB2                             00000002
WPUB3                             00000003
WPUB4                             00000004
WPUB5                             00000005
WPUB6                             00000006
WPUB7                             00000007
WR                                00000001
WREN                              00000002
WRERR                             00000003
WUE                               00000001
W_TEMP                            00000070
Z                                 00000002
_BOR21V                           00003EFF
_BOR40V                           00003FFF
_BOR4V_BOR21V                     00003EFF
_BOR4V_BOR40V                     00003FFF
_BOREN_NSLEEP                     00003EFF
MPASM 5.73                          MAIN.ASM   8-26-2018  21:11:29         PAGE 18


SYMBOL TABLE
  LABEL                             VALUE 

_BOREN_OFF                        00003CFF
_BOREN_ON                         00003FFF
_BOREN_SBODEN                     00003DFF
_BOR_NSLEEP                       00003EFF
_BOR_OFF                          00003CFF
_BOR_ON                           00003FFF
_BOR_SBODEN                       00003DFF
_CONFIG1                          00002007
_CONFIG2                          00002008
_CPD_OFF                          00003FFF
_CPD_ON                           00003F7F
_CP_OFF                           00003FFF
_CP_ON                            00003FBF
_DEBUG_OFF                        00003FFF
_DEBUG_ON                         00001FFF
_DEVID1                           00002006
_EC_OSC                           00003FFB
_EXTRC                            00003FFF
_EXTRCIO                          00003FFE
_EXTRC_OSC_CLKOUT                 00003FFF
_EXTRC_OSC_NOCLKOUT               00003FFE
_FCMEN_OFF                        000037FF
_FCMEN_ON                         00003FFF
_FOSC_EC                          00003FFB
_FOSC_EXTRC_CLKOUT                00003FFF
_FOSC_EXTRC_NOCLKOUT              00003FFE
_FOSC_HS                          00003FFA
_FOSC_INTRC_CLKOUT                00003FFD
_FOSC_INTRC_NOCLKOUT              00003FFC
_FOSC_LP                          00003FF8
_FOSC_XT                          00003FF9
_HS_OSC                           00003FFA
_IDLOC0                           00002000
_IDLOC1                           00002001
_IDLOC2                           00002002
_IDLOC3                           00002003
_IESO_OFF                         00003BFF
_IESO_ON                          00003FFF
_INTOSC                           00003FFD
_INTOSCIO                         00003FFC
_INTRC_OSC_CLKOUT                 00003FFD
_INTRC_OSC_NOCLKOUT               00003FFC
_LP_OSC                           00003FF8
_LVP_OFF                          00002FFF
_LVP_ON                           00003FFF
_MCLRE_OFF                        00003FDF
_MCLRE_ON                         00003FFF
_PWRTE_OFF                        00003FFF
_PWRTE_ON                         00003FEF
_WDTE_OFF                         00003FF7
_WDTE_ON                          00003FFF
_WDT_OFF                          00003FF7
_WDT_ON                           00003FFF
MPASM 5.73                          MAIN.ASM   8-26-2018  21:11:29         PAGE 19


SYMBOL TABLE
  LABEL                             VALUE 

_WRT_1FOURTH                      00003BFF
_WRT_256                          00003DFF
_WRT_HALF                         000039FF
_WRT_OFF                          00003FFF
_XT_OSC                           00003FF9
__16F887                          00000001
counter                           00000020
elseunderflow                     000000A0
endISR                            00000031
endunderflow                      000000A8
intTO7seg                         0000007C
loop                              00000037
mSETUP                            00000038
main                              00000036

Errors   :     0
Warnings :    37 reported,     0 suppressed
Messages :    22 reported,     0 suppressed

